<?xml version="1.0" encoding="utf-8"?><testsuites><testsuite name="pytest" errors="0" failures="0" skipped="0" tests="0" time="0.038" timestamp="2022-03-16T00:03:16.693871" hostname="DESKTOP-B25USGK" /></testsuites>